<?xml version="1.0" encoding="UTF-8"?>
<robot generator="Robot 6.0.1 (Python 3.11.1 on linux)" generated="20230105 21:55:03.005" rpa="false" schemaversion="3">
<suite id="s1" name="API Test" source="/app/API_Test.robot">
<test id="s1-t1" name="Test GET All Items from Server" line="9">
<kw name="Get Request" library="My_keywords">
<var>${response}</var>
<arg>${URL}/items</arg>
<msg timestamp="20230105 21:55:03.152" level="INFO">${response} = &lt;Response [200]&gt;</msg>
<status status="PASS" starttime="20230105 21:55:03.119" endtime="20230105 21:55:03.152"/>
</kw>
<kw name="To Json" library="My_keywords">
<var>${items}</var>
<arg>${response.content}</arg>
<msg timestamp="20230105 21:55:03.154" level="INFO">${items} = [{'name': 'item_0'}, {'name': 'item_1'}, {'name': 'item_2'}, {'name': 'item_3'}, {'name': 'item_4'}]</msg>
<status status="PASS" starttime="20230105 21:55:03.152" endtime="20230105 21:55:03.154"/>
</kw>
<kw name="Should Be Equal As Strings" library="BuiltIn">
<arg>${response.status_code}</arg>
<arg>200</arg>
<doc>Fails if objects are unequal after converting them to strings.</doc>
<msg timestamp="20230105 21:55:03.156" level="INFO">Argument types are:
&lt;class 'int'&gt;
&lt;class 'str'&gt;</msg>
<status status="PASS" starttime="20230105 21:55:03.154" endtime="20230105 21:55:03.156"/>
</kw>
<kw name="Should Be Equal As Strings" library="BuiltIn">
<arg>${items}</arg>
<arg>[{'name': 'item_0'}, {'name': 'item_1'}, {'name': 'item_2'}, {'name': 'item_3'}, {'name': 'item_4'}]</arg>
<doc>Fails if objects are unequal after converting them to strings.</doc>
<msg timestamp="20230105 21:55:03.157" level="INFO">Argument types are:
&lt;class 'list'&gt;
&lt;class 'str'&gt;</msg>
<status status="PASS" starttime="20230105 21:55:03.156" endtime="20230105 21:55:03.157"/>
</kw>
<status status="PASS" starttime="20230105 21:55:03.119" endtime="20230105 21:55:03.157"/>
</test>
<test id="s1-t2" name="Test GET Item from Server by Using Filter" line="17">
<kw name="Get Request" library="My_keywords">
<var>${response}</var>
<arg>${URL}/items/item_0</arg>
<msg timestamp="20230105 21:55:03.167" level="INFO">${response} = &lt;Response [200]&gt;</msg>
<status status="PASS" starttime="20230105 21:55:03.159" endtime="20230105 21:55:03.167"/>
</kw>
<kw name="To Json" library="My_keywords">
<var>${items}</var>
<arg>${response.text}</arg>
<msg timestamp="20230105 21:55:03.168" level="INFO">${items} = {'name': 'item_0'}</msg>
<status status="PASS" starttime="20230105 21:55:03.167" endtime="20230105 21:55:03.168"/>
</kw>
<kw name="Should Be Equal As Strings" library="BuiltIn">
<arg>${response.status_code}</arg>
<arg>200</arg>
<doc>Fails if objects are unequal after converting them to strings.</doc>
<msg timestamp="20230105 21:55:03.169" level="INFO">Argument types are:
&lt;class 'int'&gt;
&lt;class 'str'&gt;</msg>
<status status="PASS" starttime="20230105 21:55:03.168" endtime="20230105 21:55:03.169"/>
</kw>
<kw name="Should Be Equal As Strings" library="BuiltIn">
<arg>${items}</arg>
<arg>{'name': 'item_0'}</arg>
<doc>Fails if objects are unequal after converting them to strings.</doc>
<msg timestamp="20230105 21:55:03.170" level="INFO">Argument types are:
&lt;class 'dict'&gt;
&lt;class 'str'&gt;</msg>
<status status="PASS" starttime="20230105 21:55:03.169" endtime="20230105 21:55:03.170"/>
</kw>
<status status="PASS" starttime="20230105 21:55:03.158" endtime="20230105 21:55:03.170"/>
</test>
<test id="s1-t3" name="Test POST Item to Server" line="25">
<kw name="Create Dictionary" library="BuiltIn">
<var>${data}</var>
<arg>name=item_name</arg>
<arg>email=test@ssh.com</arg>
<doc>Creates and returns a dictionary based on the given ``items``.</doc>
<msg timestamp="20230105 21:55:03.181" level="INFO">${data} = {'name': 'item_name', 'email': 'test@ssh.com'}</msg>
<status status="PASS" starttime="20230105 21:55:03.174" endtime="20230105 21:55:03.182"/>
</kw>
<kw name="Post Request" library="My_keywords">
<var>${response}</var>
<arg>${URL}/items/</arg>
<arg>${data}</arg>
<msg timestamp="20230105 21:55:03.192" level="INFO">${response} = &lt;Response [201]&gt;</msg>
<status status="PASS" starttime="20230105 21:55:03.182" endtime="20230105 21:55:03.192"/>
</kw>
<kw name="To Json" library="My_keywords">
<var>${item}</var>
<arg>${response.text}</arg>
<msg timestamp="20230105 21:55:03.194" level="INFO">${item} = {'name': 'item_name', 'email': 'test@ssh.com'}</msg>
<status status="PASS" starttime="20230105 21:55:03.192" endtime="20230105 21:55:03.194"/>
</kw>
<kw name="Should Be Equal As Strings" library="BuiltIn">
<arg>${response.status_code}</arg>
<arg>201</arg>
<doc>Fails if objects are unequal after converting them to strings.</doc>
<msg timestamp="20230105 21:55:03.195" level="INFO">Argument types are:
&lt;class 'int'&gt;
&lt;class 'str'&gt;</msg>
<status status="PASS" starttime="20230105 21:55:03.194" endtime="20230105 21:55:03.195"/>
</kw>
<kw name="Should Be Equal As Strings" library="BuiltIn">
<arg>${item}</arg>
<arg>{'name': 'item_name', 'email': 'test@ssh.com'}</arg>
<doc>Fails if objects are unequal after converting them to strings.</doc>
<msg timestamp="20230105 21:55:03.195" level="INFO">Argument types are:
&lt;class 'dict'&gt;
&lt;class 'str'&gt;</msg>
<status status="PASS" starttime="20230105 21:55:03.195" endtime="20230105 21:55:03.195"/>
</kw>
<status status="PASS" starttime="20230105 21:55:03.171" endtime="20230105 21:55:03.196"/>
</test>
<test id="s1-t4" name="Test DELETE Item from Server" line="34">
<kw name="Delete Request" library="My_keywords">
<var>${response}</var>
<arg>${URL}/items/item_name</arg>
<msg timestamp="20230105 21:55:03.211" level="INFO">${response} = &lt;Response [204]&gt;</msg>
<status status="PASS" starttime="20230105 21:55:03.201" endtime="20230105 21:55:03.211"/>
</kw>
<kw name="Should Be Equal As Integers" library="BuiltIn">
<arg>${response.status_code}</arg>
<arg>204</arg>
<doc>Fails if objects are unequal after converting them to integers.</doc>
<msg timestamp="20230105 21:55:03.213" level="INFO">Argument types are:
&lt;class 'int'&gt;
&lt;class 'str'&gt;</msg>
<status status="PASS" starttime="20230105 21:55:03.211" endtime="20230105 21:55:03.213"/>
</kw>
<status status="PASS" starttime="20230105 21:55:03.196" endtime="20230105 21:55:03.213"/>
</test>
<status status="PASS" starttime="20230105 21:55:03.006" endtime="20230105 21:55:03.214"/>
</suite>
<statistics>
<total>
<stat pass="4" fail="0" skip="0">All Tests</stat>
</total>
<tag>
</tag>
<suite>
<stat pass="4" fail="0" skip="0" id="s1" name="API Test">API Test</stat>
</suite>
</statistics>
<errors>
</errors>
</robot>
